<?xml version="1.0" encoding="UTF-8"?>
<!-- Generated by org.testng.reporters.JUnitReportReporter -->
<testsuite skipped="0" hostname="WTU8L0000066" name="BonifyWebpageTest" tests="10" failures="0" timestamp="24 sep 2018 21:08:09 GMT" time="17.555" errors="0">
  <testcase name="launch_webPage" time="1.658" classname="BonifyWebpageTest"/>
  <testcase name="verify_webpage" time="1.291" classname="BonifyWebpageTest"/>
  <testcase name="verify_forgetPawrd" time="1.795" classname="BonifyWebpageTest"/>
  <testcase name="verify_login_text" time="0.458" classname="BonifyWebpageTest"/>
  <testcase name="verify_newRegistration_button" time="1.320" classname="BonifyWebpageTest"/>
  <testcase name="verify_Impressum_link" time="2.358" classname="BonifyWebpageTest"/>
  <testcase name="verify_AGB_link" time="2.594" classname="BonifyWebpageTest"/>
  <testcase name="verify_Datenschutz_link" time="2.801" classname="BonifyWebpageTest"/>
  <testcase name="verify_Footer_text" time="0.412" classname="BonifyWebpageTest"/>
  <testcase name="verify_bonify_login" time="2.868" classname="BonifyWebpageTest"/>
</testsuite> <!-- BonifyWebpageTest -->
