<?xml version="1.0" encoding="UTF-8"?>
<!-- Generated by org.testng.reporters.JUnitReportReporter -->
<testsuite skipped="0" hostname="WTU8L0000066" name="BonifyWebpageTest" tests="3" failures="0" timestamp="24 sep 2018 22:55:10 GMT" time="15.663" errors="0">
  <testcase name="launch_webPage" time="2.754" classname="BonifyWebpageTest"/>
  <testcase name="verify_bonify_login" time="2.534" classname="BonifyWebpageTest"/>
  <testcase name="use_frame" time="10.375" classname="BonifyWebpageTest"/>
</testsuite> <!-- BonifyWebpageTest -->
